2025-03-14 21:27:54,142 - TreeMigration - INFO - Starting Tree Migration Analysis Pipeline
2025-03-14 21:27:54,142 - TreeMigration - INFO - Loading species data...
2025-03-14 21:27:54,143 - TreeMigration - ERROR - Error loading species data: [Errno 2] No such file or directory: 'species_data/all_species.csv'
2025-03-14 21:29:22,774 - TreeMigration - INFO - Starting Tree Migration Analysis Pipeline
2025-03-14 21:29:22,775 - TreeMigration - INFO - Loading species data...
2025-03-14 21:29:22,783 - TreeMigration - INFO - Found 6 tree species: Pinus strobus, Abies balsamea, Acer rubrum, Tsuga canadensis, Betula papyrifera, Picea abies
2025-03-14 21:29:22,783 - TreeMigration - INFO - Creating training data for species classifier...
2025-03-14 21:29:22,799 - TreeMigration - INFO - Processing training data from year 2000...
2025-03-14 21:29:22,799 - TreeMigration - WARNING - No Landsat data found for year 2000, skipping
2025-03-14 21:29:22,799 - TreeMigration - INFO - Processing training data from year 2003...
2025-03-14 21:29:22,799 - TreeMigration - WARNING - No Landsat data found for year 2003, skipping
2025-03-14 21:29:22,799 - TreeMigration - INFO - Processing training data from year 2006...
2025-03-14 21:29:22,799 - TreeMigration - WARNING - No Landsat data found for year 2006, skipping
2025-03-14 21:29:22,799 - TreeMigration - INFO - Processing training data from year 2009...
2025-03-14 21:29:22,799 - TreeMigration - WARNING - No Landsat data found for year 2009, skipping
2025-03-14 21:29:22,799 - TreeMigration - INFO - Processing training data from year 2012...
2025-03-14 21:29:22,800 - TreeMigration - WARNING - No Landsat data found for year 2012, skipping
2025-03-14 21:29:22,800 - TreeMigration - INFO - Processing training data from year 2015...
2025-03-14 21:29:22,800 - TreeMigration - WARNING - No Landsat data found for year 2015, skipping
2025-03-14 21:29:22,800 - TreeMigration - INFO - Processing training data from year 2018...
2025-03-14 21:29:22,800 - TreeMigration - WARNING - No Landsat data found for year 2018, skipping
2025-03-14 21:29:22,800 - TreeMigration - INFO - Processing training data from year 2021...
2025-03-14 21:29:22,800 - TreeMigration - WARNING - No Landsat data found for year 2021, skipping
2025-03-14 21:29:22,800 - TreeMigration - INFO - Created dataset with 0 samples across 6 species
2025-03-14 21:29:22,800 - TreeMigration - ERROR - Error creating training data: Cannot cast array data from dtype('float64') to dtype('int64') according to the rule 'safe'
2025-03-14 21:34:04,355 - TreeMigration - INFO - Starting Tree Migration Analysis Pipeline
2025-03-14 21:34:04,355 - TreeMigration - INFO - Loading species data...
2025-03-14 21:34:04,355 - TreeMigration - ERROR - Error loading species data: [Errno 2] No such file or directory: 'species_data/all_species.csv'
2025-03-14 21:34:34,735 - TreeMigration - INFO - Starting Tree Migration Analysis Pipeline
2025-03-14 21:34:34,735 - TreeMigration - INFO - Loading species data...
2025-03-14 21:34:34,741 - TreeMigration - INFO - Found 6 tree species: Pinus strobus, Abies balsamea, Acer rubrum, Tsuga canadensis, Betula papyrifera, Picea abies
2025-03-14 21:34:34,741 - TreeMigration - INFO - Creating training data for species classifier...
2025-03-14 21:34:34,755 - TreeMigration - INFO - Processing training data from year 2000...
2025-03-14 21:34:34,755 - TreeMigration - WARNING - No Landsat data found for year 2000, skipping
2025-03-14 21:34:34,755 - TreeMigration - INFO - Processing training data from year 2003...
2025-03-14 21:34:34,755 - TreeMigration - WARNING - No Landsat data found for year 2003, skipping
2025-03-14 21:34:34,755 - TreeMigration - INFO - Processing training data from year 2006...
2025-03-14 21:34:34,755 - TreeMigration - WARNING - No Landsat data found for year 2006, skipping
2025-03-14 21:34:34,756 - TreeMigration - INFO - Processing training data from year 2009...
2025-03-14 21:34:34,756 - TreeMigration - WARNING - No Landsat data found for year 2009, skipping
2025-03-14 21:34:34,756 - TreeMigration - INFO - Processing training data from year 2012...
2025-03-14 21:34:34,756 - TreeMigration - WARNING - No Landsat data found for year 2012, skipping
2025-03-14 21:34:34,756 - TreeMigration - INFO - Processing training data from year 2015...
2025-03-14 21:34:34,756 - TreeMigration - WARNING - No Landsat data found for year 2015, skipping
2025-03-14 21:34:34,756 - TreeMigration - INFO - Processing training data from year 2018...
2025-03-14 21:34:34,756 - TreeMigration - WARNING - No Landsat data found for year 2018, skipping
2025-03-14 21:34:34,756 - TreeMigration - INFO - Processing training data from year 2021...
2025-03-14 21:34:34,756 - TreeMigration - WARNING - No Landsat data found for year 2021, skipping
2025-03-14 21:34:34,756 - TreeMigration - INFO - Created dataset with 0 samples across 6 species
2025-03-14 21:34:34,756 - TreeMigration - ERROR - Error creating training data: Cannot cast array data from dtype('float64') to dtype('int64') according to the rule 'safe'
2025-03-14 21:37:03,070 - TreeMigration - INFO - Starting Tree Migration Analysis Pipeline
2025-03-14 21:37:03,070 - TreeMigration - INFO - Loading species data...
2025-03-14 21:37:03,076 - TreeMigration - INFO - Found 6 tree species: Pinus strobus, Abies balsamea, Acer rubrum, Tsuga canadensis, Betula papyrifera, Picea abies
2025-03-14 21:37:03,076 - TreeMigration - INFO - Creating training data for species classifier...
2025-03-14 21:37:03,091 - TreeMigration - INFO - Processing training data from year 2000...
2025-03-14 21:37:03,091 - TreeMigration - WARNING - No Landsat data found for year 2000, skipping
2025-03-14 21:37:03,091 - TreeMigration - INFO - Processing training data from year 2003...
2025-03-14 21:37:03,091 - TreeMigration - WARNING - No Landsat data found for year 2003, skipping
2025-03-14 21:37:03,091 - TreeMigration - INFO - Processing training data from year 2006...
2025-03-14 21:37:03,091 - TreeMigration - WARNING - No Landsat data found for year 2006, skipping
2025-03-14 21:37:03,091 - TreeMigration - INFO - Processing training data from year 2009...
2025-03-14 21:37:03,091 - TreeMigration - WARNING - No Landsat data found for year 2009, skipping
2025-03-14 21:37:03,091 - TreeMigration - INFO - Processing training data from year 2012...
2025-03-14 21:37:03,091 - TreeMigration - WARNING - No Landsat data found for year 2012, skipping
2025-03-14 21:37:03,092 - TreeMigration - INFO - Processing training data from year 2015...
2025-03-14 21:37:03,092 - TreeMigration - WARNING - No Landsat data found for year 2015, skipping
2025-03-14 21:37:03,092 - TreeMigration - INFO - Processing training data from year 2018...
2025-03-14 21:37:03,092 - TreeMigration - WARNING - No Landsat data found for year 2018, skipping
2025-03-14 21:37:03,092 - TreeMigration - INFO - Processing training data from year 2021...
2025-03-14 21:37:03,092 - TreeMigration - WARNING - No Landsat data found for year 2021, skipping
2025-03-14 21:37:03,092 - TreeMigration - INFO - Created dataset with 0 samples across 6 species
2025-03-14 21:37:03,092 - TreeMigration - ERROR - Error creating training data: Cannot cast array data from dtype('float64') to dtype('int64') according to the rule 'safe'
